<?xml version="1.0" encoding="UTF-8"?>
<testsuite name="br.com.vicente.ParkingServiceTest" tests="3" skipped="0" failures="0" errors="0" timestamp="2023-09-01T15:43:02" hostname="NLAMBERT" time="0.024">
  <properties/>
  <testcase name="naoDeveEntrarComPlacaInvalida()" classname="br.com.vicente.ParkingServiceTest" time="0.017"/>
  <testcase name="deveEntrarESairDoEstacionamentoCalculandoOValorDaTarifa()" classname="br.com.vicente.ParkingServiceTest" time="0.003"/>
  <testcase name="naoLancarUmErroCasoUmCarroNaoEncontradoTenteSair()" classname="br.com.vicente.ParkingServiceTest" time="0.002"/>
  <system-out><![CDATA[]]></system-out>
  <system-err><![CDATA[]]></system-err>
</testsuite>
