<?xml version="1.0" encoding="UTF-8"?>
<testsuite name="br.com.vicente.ParkingServiceTest" tests="5" skipped="0" failures="0" errors="0" timestamp="2023-09-01T16:18:38" hostname="NLAMBERT" time="0.04">
  <properties/>
  <testcase name="naoDeveEntrarAntesDeAbrirEstacionamento()" classname="br.com.vicente.ParkingServiceTest" time="0.028"/>
  <testcase name="naoDeveEntrarComPlacaInvalida()" classname="br.com.vicente.ParkingServiceTest" time="0.001"/>
  <testcase name="deveEntrarESairDoEstacionamentoCalculandoOValorDaTarifa()" classname="br.com.vicente.ParkingServiceTest" time="0.003"/>
  <testcase name="naoDeveEntrarDepoisDeFecharEstacionamento()" classname="br.com.vicente.ParkingServiceTest" time="0.001"/>
  <testcase name="naoLancarUmErroCasoUmCarroNaoEncontradoTenteSair()" classname="br.com.vicente.ParkingServiceTest" time="0.002"/>
  <system-out><![CDATA[]]></system-out>
  <system-err><![CDATA[]]></system-err>
</testsuite>
